<?xml version="1.0" encoding="UTF-8"?>
<coverage generated="1647585044987" clover="3.2.0">
  <project timestamp="1647585044987" name="All files">
    <metrics statements="52" coveredstatements="52" conditionals="26" coveredconditionals="26" methods="14" coveredmethods="14" elements="92" coveredelements="92" complexity="0" loc="52" ncloc="52" packages="1" files="3" classes="3"/>
    <file name="config-props.js" path="/Users/zhaigh/dev/jwplayer-react/src/config-props.js">
      <metrics statements="1" coveredstatements="1" conditionals="0" coveredconditionals="0" methods="0" coveredmethods="0"/>
      <line num="1" count="1" type="stmt"/>
    </file>
    <file name="jwplayer.jsx" path="/Users/zhaigh/dev/jwplayer-react/src/jwplayer.jsx">
      <metrics statements="34" coveredstatements="34" conditionals="18" coveredconditionals="18" methods="8" coveredmethods="8"/>
      <line num="6" count="17" type="stmt"/>
      <line num="7" count="16" type="cond" truecount="2" falsecount="0"/>
      <line num="8" count="16" type="stmt"/>
      <line num="9" count="16" type="stmt"/>
      <line num="10" count="16" type="stmt"/>
      <line num="11" count="14" type="stmt"/>
      <line num="12" count="14" type="stmt"/>
      <line num="13" count="14" type="cond" truecount="2" falsecount="0"/>
      <line num="17" count="15" type="stmt"/>
      <line num="18" count="14" type="stmt"/>
      <line num="20" count="14" type="cond" truecount="2" falsecount="0"/>
      <line num="21" count="2" type="stmt"/>
      <line num="22" count="2" type="stmt"/>
      <line num="27" count="3" type="cond" truecount="2" falsecount="0"/>
      <line num="28" count="1" type="stmt"/>
      <line num="29" count="1" type="stmt"/>
      <line num="32" count="3" type="cond" truecount="2" falsecount="0"/>
      <line num="33" count="2" type="stmt"/>
      <line num="34" count="2" type="stmt"/>
      <line num="39" count="15" type="stmt"/>
      <line num="40" count="15" type="stmt"/>
      <line num="41" count="15" type="stmt"/>
      <line num="43" count="15" type="stmt"/>
      <line num="47" count="14" type="stmt"/>
      <line num="48" count="41" type="cond" truecount="2" falsecount="0"/>
      <line num="49" count="41" type="stmt"/>
      <line num="51" count="41" type="cond" truecount="2" falsecount="0"/>
      <line num="52" count="1" type="stmt"/>
      <line num="53" count="1" type="stmt"/>
      <line num="56" count="40" type="cond" truecount="2" falsecount="0"/>
      <line num="57" count="40" type="stmt"/>
      <line num="59" count="40" type="cond" truecount="2" falsecount="0"/>
      <line num="60" count="2" type="stmt"/>
      <line num="66" count="14" type="stmt"/>
    </file>
    <file name="util.js" path="/Users/zhaigh/dev/jwplayer-react/src/util.js">
      <metrics statements="17" coveredstatements="17" conditionals="8" coveredconditionals="8" methods="6" coveredmethods="6"/>
      <line num="3" count="1" type="stmt"/>
      <line num="5" count="14" type="stmt"/>
      <line num="6" count="14" type="stmt"/>
      <line num="7" count="14" type="stmt"/>
      <line num="11" count="1" type="stmt"/>
      <line num="12" count="1" type="stmt"/>
      <line num="13" count="1" type="stmt"/>
      <line num="14" count="1" type="stmt"/>
      <line num="15" count="1" type="stmt"/>
      <line num="17" count="1" type="stmt"/>
      <line num="22" count="16" type="cond" truecount="4" falsecount="0"/>
      <line num="23" count="14" type="cond" truecount="2" falsecount="0"/>
      <line num="25" count="1" type="stmt"/>
      <line num="29" count="16" type="stmt"/>
      <line num="31" count="16" type="stmt"/>
      <line num="32" count="40" type="cond" truecount="2" falsecount="0"/>
      <line num="35" count="16" type="stmt"/>
    </file>
  </project>
</coverage>
