{"/Users/zhaigh/dev/jwplayer-react/src/config-props.js": {"path":"/Users/zhaigh/dev/jwplayer-react/src/config-props.js","statementMap":{"0":{"start":{"line":1,"column":0},"end":{"line":87,"column":3}}},"fnMap":{},"branchMap":{},"s":{"0":1},"f":{},"b":{},"_coverageSchema":"1a1c01bbd47fc00a2c39e90264f33305004495a9","hash":"3cdf370697a5a48e5bd466f068eb03609018970f"}
,"/Users/zhaigh/dev/jwplayer-react/src/jwplayer.jsx": {"path":"/Users/zhaigh/dev/jwplayer-react/src/jwplayer.jsx","statementMap":{"0":{"start":{"line":6,"column":4},"end":{"line":6,"column":17}},"1":{"start":{"line":7,"column":4},"end":{"line":7,"column":46}},"2":{"start":{"line":8,"column":4},"end":{"line":8,"column":40}},"3":{"start":{"line":9,"column":4},"end":{"line":9,"column":23}},"4":{"start":{"line":10,"column":4},"end":{"line":10,"column":55}},"5":{"start":{"line":11,"column":4},"end":{"line":11,"column":51}},"6":{"start":{"line":12,"column":4},"end":{"line":12,"column":57}},"7":{"start":{"line":13,"column":4},"end":{"line":13,"column":45}},"8":{"start":{"line":17,"column":4},"end":{"line":17,"column":44}},"9":{"start":{"line":18,"column":4},"end":{"line":18,"column":32}},"10":{"start":{"line":20,"column":4},"end":{"line":23,"column":5}},"11":{"start":{"line":21,"column":29},"end":{"line":21,"column":33}},"12":{"start":{"line":22,"column":6},"end":{"line":22,"column":44}},"13":{"start":{"line":27,"column":4},"end":{"line":30,"column":5}},"14":{"start":{"line":28,"column":29},"end":{"line":28,"column":33}},"15":{"start":{"line":29,"column":6},"end":{"line":29,"column":47}},"16":{"start":{"line":32,"column":4},"end":{"line":35,"column":5}},"17":{"start":{"line":33,"column":6},"end":{"line":33,"column":27}},"18":{"start":{"line":34,"column":6},"end":{"line":34,"column":25}},"19":{"start":{"line":39,"column":28},"end":{"line":39,"column":32}},"20":{"start":{"line":40,"column":24},"end":{"line":40,"column":59}},"21":{"start":{"line":41,"column":17},"end":{"line":41,"column":28}},"22":{"start":{"line":43,"column":4},"end":{"line":43,"column":90}},"23":{"start":{"line":43,"column":45},"end":{"line":43,"column":88}},"24":{"start":{"line":47,"column":4},"end":{"line":62,"column":7}},"25":{"start":{"line":48,"column":26},"end":{"line":48,"column":60}},"26":{"start":{"line":49,"column":30},"end":{"line":49,"column":94}},"27":{"start":{"line":51,"column":6},"end":{"line":54,"column":7}},"28":{"start":{"line":52,"column":8},"end":{"line":52,"column":60}},"29":{"start":{"line":53,"column":8},"end":{"line":53,"column":15}},"30":{"start":{"line":56,"column":24},"end":{"line":56,"column":56}},"31":{"start":{"line":57,"column":31},"end":{"line":57,"column":91}},"32":{"start":{"line":59,"column":6},"end":{"line":61,"column":7}},"33":{"start":{"line":60,"column":8},"end":{"line":60,"column":59}},"34":{"start":{"line":66,"column":4},"end":{"line":66,"column":47}}},"fnMap":{"0":{"name":"(anonymous_0)","decl":{"start":{"line":5,"column":2},"end":{"line":5,"column":3}},"loc":{"start":{"line":5,"column":21},"end":{"line":14,"column":3}},"line":5},"1":{"name":"(anonymous_1)","decl":{"start":{"line":16,"column":2},"end":{"line":16,"column":3}},"loc":{"start":{"line":16,"column":28},"end":{"line":24,"column":3}},"line":16},"2":{"name":"(anonymous_2)","decl":{"start":{"line":26,"column":2},"end":{"line":26,"column":3}},"loc":{"start":{"line":26,"column":25},"end":{"line":36,"column":3}},"line":26},"3":{"name":"(anonymous_3)","decl":{"start":{"line":38,"column":2},"end":{"line":38,"column":3}},"loc":{"start":{"line":38,"column":17},"end":{"line":44,"column":3}},"line":38},"4":{"name":"(anonymous_4)","decl":{"start":{"line":43,"column":39},"end":{"line":43,"column":40}},"loc":{"start":{"line":43,"column":45},"end":{"line":43,"column":88}},"line":43},"5":{"name":"(anonymous_5)","decl":{"start":{"line":46,"column":2},"end":{"line":46,"column":3}},"loc":{"start":{"line":46,"column":25},"end":{"line":63,"column":3}},"line":46},"6":{"name":"(anonymous_6)","decl":{"start":{"line":47,"column":36},"end":{"line":47,"column":37}},"loc":{"start":{"line":47,"column":46},"end":{"line":62,"column":5}},"line":47},"7":{"name":"(anonymous_7)","decl":{"start":{"line":65,"column":2},"end":{"line":65,"column":3}},"loc":{"start":{"line":65,"column":11},"end":{"line":67,"column":3}},"line":65}},"branchMap":{"0":{"loc":{"start":{"line":7,"column":15},"end":{"line":7,"column":45}},"type":"binary-expr","locations":[{"start":{"line":7,"column":15},"end":{"line":7,"column":24}},{"start":{"line":7,"column":28},"end":{"line":7,"column":45}}],"line":7},"1":{"loc":{"start":{"line":13,"column":14},"end":{"line":13,"column":44}},"type":"binary-expr","locations":[{"start":{"line":13,"column":14},"end":{"line":13,"column":22}},{"start":{"line":13,"column":26},"end":{"line":13,"column":44}}],"line":13},"2":{"loc":{"start":{"line":20,"column":4},"end":{"line":23,"column":5}},"type":"if","locations":[{"start":{"line":20,"column":4},"end":{"line":23,"column":5}},{"start":{},"end":{}}],"line":20},"3":{"loc":{"start":{"line":27,"column":4},"end":{"line":30,"column":5}},"type":"if","locations":[{"start":{"line":27,"column":4},"end":{"line":30,"column":5}},{"start":{},"end":{}}],"line":27},"4":{"loc":{"start":{"line":32,"column":4},"end":{"line":35,"column":5}},"type":"if","locations":[{"start":{"line":32,"column":4},"end":{"line":35,"column":5}},{"start":{},"end":{}}],"line":32},"5":{"loc":{"start":{"line":48,"column":26},"end":{"line":48,"column":60}},"type":"binary-expr","locations":[{"start":{"line":48,"column":26},"end":{"line":48,"column":52}},{"start":{"line":48,"column":56},"end":{"line":48,"column":60}}],"line":48},"6":{"loc":{"start":{"line":51,"column":6},"end":{"line":54,"column":7}},"type":"if","locations":[{"start":{"line":51,"column":6},"end":{"line":54,"column":7}},{"start":{},"end":{}}],"line":51},"7":{"loc":{"start":{"line":56,"column":24},"end":{"line":56,"column":56}},"type":"binary-expr","locations":[{"start":{"line":56,"column":24},"end":{"line":56,"column":48}},{"start":{"line":56,"column":52},"end":{"line":56,"column":56}}],"line":56},"8":{"loc":{"start":{"line":59,"column":6},"end":{"line":61,"column":7}},"type":"if","locations":[{"start":{"line":59,"column":6},"end":{"line":61,"column":7}},{"start":{},"end":{}}],"line":59}},"s":{"0":17,"1":16,"2":16,"3":16,"4":16,"5":14,"6":14,"7":14,"8":15,"9":14,"10":14,"11":2,"12":2,"13":3,"14":1,"15":1,"16":3,"17":2,"18":2,"19":15,"20":15,"21":15,"22":15,"23":14,"24":14,"25":41,"26":41,"27":41,"28":1,"29":1,"30":40,"31":40,"32":40,"33":2,"34":14},"f":{"0":17,"1":15,"2":3,"3":15,"4":14,"5":14,"6":41,"7":14},"b":{"0":[16,16],"1":[14,14],"2":[2,12],"3":[1,2],"4":[2,1],"5":[41,40],"6":[1,40],"7":[40,38],"8":[2,38]},"_coverageSchema":"1a1c01bbd47fc00a2c39e90264f33305004495a9","hash":"c7fc47a3e0c8d5df49d31dc6999f7a920171c977"}
,"/Users/zhaigh/dev/jwplayer-react/src/util.js": {"path":"/Users/zhaigh/dev/jwplayer-react/src/util.js","statementMap":{"0":{"start":{"line":3,"column":14},"end":{"line":3,"column":16}},"1":{"start":{"line":5,"column":2},"end":{"line":5,"column":12}},"2":{"start":{"line":6,"column":13},"end":{"line":6,"column":34}},"3":{"start":{"line":7,"column":2},"end":{"line":7,"column":12}},"4":{"start":{"line":11,"column":2},"end":{"line":18,"column":5}},"5":{"start":{"line":12,"column":19},"end":{"line":12,"column":51}},"6":{"start":{"line":13,"column":4},"end":{"line":13,"column":24}},"7":{"start":{"line":14,"column":4},"end":{"line":14,"column":25}},"8":{"start":{"line":15,"column":4},"end":{"line":15,"column":21}},"9":{"start":{"line":17,"column":4},"end":{"line":17,"column":33}},"10":{"start":{"line":22,"column":2},"end":{"line":22,"column":118}},"11":{"start":{"line":22,"column":32},"end":{"line":22,"column":118}},"12":{"start":{"line":23,"column":2},"end":{"line":23,"column":48}},"13":{"start":{"line":23,"column":23},"end":{"line":23,"column":48}},"14":{"start":{"line":25,"column":2},"end":{"line":25,"column":35}},"15":{"start":{"line":29,"column":17},"end":{"line":29,"column":19}},"16":{"start":{"line":31,"column":2},"end":{"line":33,"column":5}},"17":{"start":{"line":32,"column":4},"end":{"line":32,"column":55}},"18":{"start":{"line":32,"column":30},"end":{"line":32,"column":55}},"19":{"start":{"line":35,"column":2},"end":{"line":35,"column":40}}},"fnMap":{"0":{"name":"generateUniqueId","decl":{"start":{"line":4,"column":16},"end":{"line":4,"column":32}},"loc":{"start":{"line":4,"column":35},"end":{"line":8,"column":1}},"line":4},"1":{"name":"createPlayerLoadPromise","decl":{"start":{"line":10,"column":16},"end":{"line":10,"column":39}},"loc":{"start":{"line":10,"column":45},"end":{"line":19,"column":1}},"line":10},"2":{"name":"(anonymous_2)","decl":{"start":{"line":11,"column":21},"end":{"line":11,"column":22}},"loc":{"start":{"line":11,"column":35},"end":{"line":18,"column":3}},"line":11},"3":{"name":"loadPlayer","decl":{"start":{"line":21,"column":16},"end":{"line":21,"column":26}},"loc":{"start":{"line":21,"column":32},"end":{"line":26,"column":1}},"line":21},"4":{"name":"generateConfig","decl":{"start":{"line":28,"column":16},"end":{"line":28,"column":30}},"loc":{"start":{"line":28,"column":38},"end":{"line":36,"column":1}},"line":28},"5":{"name":"(anonymous_5)","decl":{"start":{"line":31,"column":29},"end":{"line":31,"column":30}},"loc":{"start":{"line":31,"column":38},"end":{"line":33,"column":3}},"line":31}},"branchMap":{"0":{"loc":{"start":{"line":22,"column":2},"end":{"line":22,"column":118}},"type":"if","locations":[{"start":{"line":22,"column":2},"end":{"line":22,"column":118}},{"start":{},"end":{}}],"line":22},"1":{"loc":{"start":{"line":22,"column":6},"end":{"line":22,"column":30}},"type":"binary-expr","locations":[{"start":{"line":22,"column":6},"end":{"line":22,"column":22}},{"start":{"line":22,"column":26},"end":{"line":22,"column":30}}],"line":22},"2":{"loc":{"start":{"line":23,"column":2},"end":{"line":23,"column":48}},"type":"if","locations":[{"start":{"line":23,"column":2},"end":{"line":23,"column":48}},{"start":{},"end":{}}],"line":23},"3":{"loc":{"start":{"line":32,"column":4},"end":{"line":32,"column":55}},"type":"if","locations":[{"start":{"line":32,"column":4},"end":{"line":32,"column":55}},{"start":{},"end":{}}],"line":32}},"s":{"0":1,"1":14,"2":14,"3":14,"4":1,"5":1,"6":1,"7":1,"8":1,"9":1,"10":16,"11":2,"12":14,"13":13,"14":1,"15":16,"16":16,"17":40,"18":18,"19":16},"f":{"0":14,"1":1,"2":1,"3":16,"4":16,"5":40},"b":{"0":[2,14],"1":[16,3],"2":[13,1],"3":[18,22]},"_coverageSchema":"1a1c01bbd47fc00a2c39e90264f33305004495a9","hash":"698d99197a8d20afe884cb8d6e05d3e8b9ec254f"}
}
