{"total": {"lines":{"total":80,"covered":80,"skipped":0,"pct":100},"statements":{"total":85,"covered":85,"skipped":0,"pct":100},"functions":{"total":22,"covered":22,"skipped":0,"pct":100},"branches":{"total":36,"covered":36,"skipped":0,"pct":100},"branchesTrue":{"total":0,"covered":0,"skipped":0,"pct":"Unknown"}}
,"/Users/jrogan/projects/react-wrapper/jwplayer-react/src/config-props.js": {"lines":{"total":1,"covered":1,"skipped":0,"pct":100},"functions":{"total":0,"covered":0,"skipped":0,"pct":100},"statements":{"total":1,"covered":1,"skipped":0,"pct":100},"branches":{"total":0,"covered":0,"skipped":0,"pct":100}}
,"/Users/jrogan/projects/react-wrapper/jwplayer-react/src/const.js": {"lines":{"total":3,"covered":3,"skipped":0,"pct":100},"functions":{"total":0,"covered":0,"skipped":0,"pct":100},"statements":{"total":3,"covered":3,"skipped":0,"pct":100},"branches":{"total":0,"covered":0,"skipped":0,"pct":100}}
,"/Users/jrogan/projects/react-wrapper/jwplayer-react/src/jwplayer.jsx": {"lines":{"total":57,"covered":57,"skipped":0,"pct":100},"functions":{"total":15,"covered":15,"skipped":0,"pct":100},"statements":{"total":59,"covered":59,"skipped":0,"pct":100},"branches":{"total":26,"covered":26,"skipped":0,"pct":100}}
,"/Users/jrogan/projects/react-wrapper/jwplayer-react/src/util.js": {"lines":{"total":19,"covered":19,"skipped":0,"pct":100},"functions":{"total":7,"covered":7,"skipped":0,"pct":100},"statements":{"total":22,"covered":22,"skipped":0,"pct":100},"branches":{"total":10,"covered":10,"skipped":0,"pct":100}}
}
