TN:
SF:src/config-props.js
FNF:0
FNH:0
DA:1,1
LF:1
LH:1
BRF:0
BRH:0
end_of_record
TN:
SF:src/jwplayer.jsx
FN:5,(anonymous_0)
FN:16,(anonymous_1)
FN:26,(anonymous_2)
FN:38,(anonymous_3)
FN:43,(anonymous_4)
FN:46,(anonymous_5)
FN:47,(anonymous_6)
FN:65,(anonymous_7)
FNF:8
FNH:8
FNDA:17,(anonymous_0)
FNDA:15,(anonymous_1)
FNDA:3,(anonymous_2)
FNDA:15,(anonymous_3)
FNDA:14,(anonymous_4)
FNDA:14,(anonymous_5)
FNDA:41,(anonymous_6)
FNDA:14,(anonymous_7)
DA:6,17
DA:7,16
DA:8,16
DA:9,16
DA:10,16
DA:11,14
DA:12,14
DA:13,14
DA:17,15
DA:18,14
DA:20,14
DA:21,2
DA:22,2
DA:27,3
DA:28,1
DA:29,1
DA:32,3
DA:33,2
DA:34,2
DA:39,15
DA:40,15
DA:41,15
DA:43,15
DA:47,14
DA:48,41
DA:49,41
DA:51,41
DA:52,1
DA:53,1
DA:56,40
DA:57,40
DA:59,40
DA:60,2
DA:66,14
LF:34
LH:34
BRDA:7,0,0,16
BRDA:7,0,1,16
BRDA:13,1,0,14
BRDA:13,1,1,14
BRDA:20,2,0,2
BRDA:20,2,1,12
BRDA:27,3,0,1
BRDA:27,3,1,2
BRDA:32,4,0,2
BRDA:32,4,1,1
BRDA:48,5,0,41
BRDA:48,5,1,40
BRDA:51,6,0,1
BRDA:51,6,1,40
BRDA:56,7,0,40
BRDA:56,7,1,38
BRDA:59,8,0,2
BRDA:59,8,1,38
BRF:18
BRH:18
end_of_record
TN:
SF:src/util.js
FN:4,generateUniqueId
FN:10,createPlayerLoadPromise
FN:11,(anonymous_2)
FN:21,loadPlayer
FN:28,generateConfig
FN:31,(anonymous_5)
FNF:6
FNH:6
FNDA:14,generateUniqueId
FNDA:1,createPlayerLoadPromise
FNDA:1,(anonymous_2)
FNDA:16,loadPlayer
FNDA:16,generateConfig
FNDA:40,(anonymous_5)
DA:3,1
DA:5,14
DA:6,14
DA:7,14
DA:11,1
DA:12,1
DA:13,1
DA:14,1
DA:15,1
DA:17,1
DA:22,16
DA:23,14
DA:25,1
DA:29,16
DA:31,16
DA:32,40
DA:35,16
LF:17
LH:17
BRDA:22,0,0,2
BRDA:22,0,1,14
BRDA:22,1,0,16
BRDA:22,1,1,3
BRDA:23,2,0,13
BRDA:23,2,1,1
BRDA:32,3,0,18
BRDA:32,3,1,22
BRF:8
BRH:8
end_of_record
